<?xml version="1.0" encoding="UTF-8"?>
<testng-results ignored="0" total="3" passed="3" failed="0" skipped="0">
  <reporter-output>
  </reporter-output>
  <suite started-at="2020-11-12T22:19:17Z" name="Cucumber_framework" finished-at="2020-11-12T22:19:55Z" duration-ms="38157">
    <groups>
      <group name="cucumber">
        <method signature="AbstractTestNGCucumberTests.runScenario(cucumber.api.testng.PickleEventWrapper, cucumber.api.testng.CucumberFeatureWrapper)[pri:0, instance:runners.RunCuke@5bf0fe62]" name="runScenario" class="cucumber.api.testng.AbstractTestNGCucumberTests"/>
      </group> <!-- cucumber -->
    </groups>
    <test started-at="2020-11-12T22:19:17Z" name="Test" finished-at="2020-11-12T22:19:55Z" duration-ms="38157">
      <class name="runners.RunCuke">
        <test-method is-config="true" signature="setUpClass()[pri:0, instance:runners.RunCuke@5bf0fe62]" started-at="2020-11-12T22:19:17Z" name="setUpClass" finished-at="2020-11-12T22:19:17Z" duration-ms="378" status="PASS">
          <reporter-output>
          </reporter-output>
        </test-method> <!-- setUpClass -->
        <test-method is-config="true" signature="setup()[pri:0, instance:runners.RunCuke@5bf0fe62]" started-at="2020-11-12T22:19:17Z" name="setup" finished-at="2020-11-12T22:19:18Z" duration-ms="184" status="PASS">
          <reporter-output>
          </reporter-output>
        </test-method> <!-- setup -->
        <test-method signature="runScenario(cucumber.api.testng.PickleEventWrapper, cucumber.api.testng.CucumberFeatureWrapper)[pri:0, instance:runners.RunCuke@5bf0fe62]" started-at="2020-11-12T22:19:18Z" name="runScenario" description="Runs Cucumber Scenarios" data-provider="scenarios" finished-at="2020-11-12T22:19:30Z" duration-ms="12237" status="PASS">
          <params>
            <param index="0">
              <value>
                <![CDATA["I enter a post on my profile with just text:"]]>
              </value>
            </param>
            <param index="1">
              <value>
                <![CDATA["Test"]]>
              </value>
            </param>
          </params>
          <reporter-output>
          </reporter-output>
        </test-method> <!-- runScenario -->
        <test-method signature="runScenario(cucumber.api.testng.PickleEventWrapper, cucumber.api.testng.CucumberFeatureWrapper)[pri:0, instance:runners.RunCuke@5bf0fe62]" started-at="2020-11-12T22:19:30Z" name="runScenario" description="Runs Cucumber Scenarios" data-provider="scenarios" finished-at="2020-11-12T22:19:43Z" duration-ms="13187" status="PASS">
          <params>
            <param index="0">
              <value>
                <![CDATA["I comment on the first post on my profile"]]>
              </value>
            </param>
            <param index="1">
              <value>
                <![CDATA["Test"]]>
              </value>
            </param>
          </params>
          <reporter-output>
          </reporter-output>
        </test-method> <!-- runScenario -->
        <test-method signature="runScenario(cucumber.api.testng.PickleEventWrapper, cucumber.api.testng.CucumberFeatureWrapper)[pri:0, instance:runners.RunCuke@5bf0fe62]" started-at="2020-11-12T22:19:43Z" name="runScenario" description="Runs Cucumber Scenarios" data-provider="scenarios" finished-at="2020-11-12T22:19:55Z" duration-ms="11677" status="PASS">
          <params>
            <param index="0">
              <value>
                <![CDATA["I delete the last comment on the first post on my profile"]]>
              </value>
            </param>
            <param index="1">
              <value>
                <![CDATA["Test"]]>
              </value>
            </param>
          </params>
          <reporter-output>
          </reporter-output>
        </test-method> <!-- runScenario -->
        <test-method is-config="true" signature="tearDownClass()[pri:0, instance:runners.RunCuke@5bf0fe62]" started-at="2020-11-12T22:19:55Z" name="tearDownClass" finished-at="2020-11-12T22:19:55Z" duration-ms="440" status="PASS">
          <reporter-output>
          </reporter-output>
        </test-method> <!-- tearDownClass -->
      </class> <!-- runners.RunCuke -->
    </test> <!-- Test -->
  </suite> <!-- Cucumber_framework -->
</testng-results>
