<?xml version="1.0" encoding="UTF-8"?>
<testng-results ignored="0" total="18" passed="18" failed="0" skipped="0">
  <reporter-output>
  </reporter-output>
  <suite started-at="2021-01-16T20:25:44Z" name="AceBookE2E" finished-at="2021-01-16T20:28:27Z" duration-ms="162723">
    <groups>
      <group name="cucumber">
        <method signature="AbstractTestNGCucumberTests.runScenario(cucumber.api.testng.PickleEventWrapper, cucumber.api.testng.CucumberFeatureWrapper)[pri:0, instance:runners.RunCuke@5bf0fe62]" name="runScenario" class="cucumber.api.testng.AbstractTestNGCucumberTests"/>
      </group> <!-- cucumber -->
    </groups>
    <test started-at="2021-01-16T20:25:44Z" name="Test" finished-at="2021-01-16T20:28:27Z" duration-ms="162723">
      <class name="runners.RunCuke">
        <test-method is-config="true" signature="setUpClass()[pri:0, instance:runners.RunCuke@5bf0fe62]" started-at="2021-01-16T20:25:44Z" name="setUpClass" finished-at="2021-01-16T20:25:45Z" duration-ms="420" status="PASS">
          <reporter-output>
          </reporter-output>
        </test-method> <!-- setUpClass -->
        <test-method is-config="true" signature="setup()[pri:0, instance:runners.RunCuke@5bf0fe62]" started-at="2021-01-16T20:25:45Z" name="setup" finished-at="2021-01-16T20:25:45Z" duration-ms="28" status="PASS">
          <reporter-output>
          </reporter-output>
        </test-method> <!-- setup -->
        <test-method signature="runScenario(cucumber.api.testng.PickleEventWrapper, cucumber.api.testng.CucumberFeatureWrapper)[pri:0, instance:runners.RunCuke@5bf0fe62]" started-at="2021-01-16T20:25:45Z" name="runScenario" description="Runs Cucumber Scenarios" data-provider="scenarios" finished-at="2021-01-16T20:25:51Z" duration-ms="6114" status="PASS">
          <params>
            <param index="0">
              <value>
                <![CDATA["User is not registered"]]>
              </value>
            </param>
            <param index="1">
              <value>
                <![CDATA["Logging in"]]>
              </value>
            </param>
          </params>
          <reporter-output>
          </reporter-output>
        </test-method> <!-- runScenario -->
        <test-method signature="runScenario(cucumber.api.testng.PickleEventWrapper, cucumber.api.testng.CucumberFeatureWrapper)[pri:0, instance:runners.RunCuke@5bf0fe62]" started-at="2021-01-16T20:25:51Z" name="runScenario" description="Runs Cucumber Scenarios" data-provider="scenarios" finished-at="2021-01-16T20:25:55Z" duration-ms="4335" status="PASS">
          <params>
            <param index="0">
              <value>
                <![CDATA["User enters wrong password"]]>
              </value>
            </param>
            <param index="1">
              <value>
                <![CDATA["Logging in"]]>
              </value>
            </param>
          </params>
          <reporter-output>
          </reporter-output>
        </test-method> <!-- runScenario -->
        <test-method signature="runScenario(cucumber.api.testng.PickleEventWrapper, cucumber.api.testng.CucumberFeatureWrapper)[pri:0, instance:runners.RunCuke@5bf0fe62]" started-at="2021-01-16T20:25:55Z" name="runScenario" description="Runs Cucumber Scenarios" data-provider="scenarios" finished-at="2021-01-16T20:26:00Z" duration-ms="4650" status="PASS">
          <params>
            <param index="0">
              <value>
                <![CDATA["User is registered and enters correct password"]]>
              </value>
            </param>
            <param index="1">
              <value>
                <![CDATA["Logging in"]]>
              </value>
            </param>
          </params>
          <reporter-output>
          </reporter-output>
        </test-method> <!-- runScenario -->
        <test-method signature="runScenario(cucumber.api.testng.PickleEventWrapper, cucumber.api.testng.CucumberFeatureWrapper)[pri:0, instance:runners.RunCuke@5bf0fe62]" started-at="2021-01-16T20:26:00Z" name="runScenario" description="Runs Cucumber Scenarios" data-provider="scenarios" finished-at="2021-01-16T20:26:07Z" duration-ms="7512" status="PASS">
          <params>
            <param index="0">
              <value>
                <![CDATA["I want to change my relationship status"]]>
              </value>
            </param>
            <param index="1">
              <value>
                <![CDATA["Profile"]]>
              </value>
            </param>
          </params>
          <reporter-output>
          </reporter-output>
        </test-method> <!-- runScenario -->
        <test-method signature="runScenario(cucumber.api.testng.PickleEventWrapper, cucumber.api.testng.CucumberFeatureWrapper)[pri:0, instance:runners.RunCuke@5bf0fe62]" started-at="2021-01-16T20:26:07Z" name="runScenario" description="Runs Cucumber Scenarios" data-provider="scenarios" finished-at="2021-01-16T20:26:15Z" duration-ms="7279" status="PASS">
          <params>
            <param index="0">
              <value>
                <![CDATA["I want to change my school"]]>
              </value>
            </param>
            <param index="1">
              <value>
                <![CDATA["Profile"]]>
              </value>
            </param>
          </params>
          <reporter-output>
          </reporter-output>
        </test-method> <!-- runScenario -->
        <test-method signature="runScenario(cucumber.api.testng.PickleEventWrapper, cucumber.api.testng.CucumberFeatureWrapper)[pri:0, instance:runners.RunCuke@5bf0fe62]" started-at="2021-01-16T20:26:15Z" name="runScenario" description="Runs Cucumber Scenarios" data-provider="scenarios" finished-at="2021-01-16T20:26:21Z" duration-ms="6964" status="PASS">
          <params>
            <param index="0">
              <value>
                <![CDATA["I want to change my work"]]>
              </value>
            </param>
            <param index="1">
              <value>
                <![CDATA["Profile"]]>
              </value>
            </param>
          </params>
          <reporter-output>
          </reporter-output>
        </test-method> <!-- runScenario -->
        <test-method signature="runScenario(cucumber.api.testng.PickleEventWrapper, cucumber.api.testng.CucumberFeatureWrapper)[pri:0, instance:runners.RunCuke@5bf0fe62]" started-at="2021-01-16T20:26:21Z" name="runScenario" description="Runs Cucumber Scenarios" data-provider="scenarios" finished-at="2021-01-16T20:26:28Z" duration-ms="6654" status="PASS">
          <params>
            <param index="0">
              <value>
                <![CDATA["I want to change my city"]]>
              </value>
            </param>
            <param index="1">
              <value>
                <![CDATA["Profile"]]>
              </value>
            </param>
          </params>
          <reporter-output>
          </reporter-output>
        </test-method> <!-- runScenario -->
        <test-method signature="runScenario(cucumber.api.testng.PickleEventWrapper, cucumber.api.testng.CucumberFeatureWrapper)[pri:0, instance:runners.RunCuke@5bf0fe62]" started-at="2021-01-16T20:26:28Z" name="runScenario" description="Runs Cucumber Scenarios" data-provider="scenarios" finished-at="2021-01-16T20:26:40Z" duration-ms="12153" status="PASS">
          <params>
            <param index="0">
              <value>
                <![CDATA["I enter a post on my profile with just text:"]]>
              </value>
            </param>
            <param index="1">
              <value>
                <![CDATA["Profile"]]>
              </value>
            </param>
          </params>
          <reporter-output>
          </reporter-output>
        </test-method> <!-- runScenario -->
        <test-method signature="runScenario(cucumber.api.testng.PickleEventWrapper, cucumber.api.testng.CucumberFeatureWrapper)[pri:0, instance:runners.RunCuke@5bf0fe62]" started-at="2021-01-16T20:26:40Z" name="runScenario" description="Runs Cucumber Scenarios" data-provider="scenarios" finished-at="2021-01-16T20:26:52Z" duration-ms="11606" status="PASS">
          <params>
            <param index="0">
              <value>
                <![CDATA["I comment on the first post on my profile"]]>
              </value>
            </param>
            <param index="1">
              <value>
                <![CDATA["Profile"]]>
              </value>
            </param>
          </params>
          <reporter-output>
          </reporter-output>
        </test-method> <!-- runScenario -->
        <test-method signature="runScenario(cucumber.api.testng.PickleEventWrapper, cucumber.api.testng.CucumberFeatureWrapper)[pri:0, instance:runners.RunCuke@5bf0fe62]" started-at="2021-01-16T20:26:52Z" name="runScenario" description="Runs Cucumber Scenarios" data-provider="scenarios" finished-at="2021-01-16T20:27:07Z" duration-ms="14729" status="PASS">
          <params>
            <param index="0">
              <value>
                <![CDATA["I like the first post on my profile"]]>
              </value>
            </param>
            <param index="1">
              <value>
                <![CDATA["Profile"]]>
              </value>
            </param>
          </params>
          <reporter-output>
          </reporter-output>
        </test-method> <!-- runScenario -->
        <test-method signature="runScenario(cucumber.api.testng.PickleEventWrapper, cucumber.api.testng.CucumberFeatureWrapper)[pri:0, instance:runners.RunCuke@5bf0fe62]" started-at="2021-01-16T20:27:07Z" name="runScenario" description="Runs Cucumber Scenarios" data-provider="scenarios" finished-at="2021-01-16T20:27:13Z" duration-ms="6151" status="PASS">
          <params>
            <param index="0">
              <value>
                <![CDATA["I delete the last comment on the first post on my profile"]]>
              </value>
            </param>
            <param index="1">
              <value>
                <![CDATA["Profile"]]>
              </value>
            </param>
          </params>
          <reporter-output>
          </reporter-output>
        </test-method> <!-- runScenario -->
        <test-method signature="runScenario(cucumber.api.testng.PickleEventWrapper, cucumber.api.testng.CucumberFeatureWrapper)[pri:0, instance:runners.RunCuke@5bf0fe62]" started-at="2021-01-16T20:27:13Z" name="runScenario" description="Runs Cucumber Scenarios" data-provider="scenarios" finished-at="2021-01-16T20:27:25Z" duration-ms="11913" status="PASS">
          <params>
            <param index="0">
              <value>
                <![CDATA["I enter a post on my profile with text and an image:"]]>
              </value>
            </param>
            <param index="1">
              <value>
                <![CDATA["Profile"]]>
              </value>
            </param>
          </params>
          <reporter-output>
          </reporter-output>
        </test-method> <!-- runScenario -->
        <test-method signature="runScenario(cucumber.api.testng.PickleEventWrapper, cucumber.api.testng.CucumberFeatureWrapper)[pri:0, instance:runners.RunCuke@5bf0fe62]" started-at="2021-01-16T20:27:25Z" name="runScenario" description="Runs Cucumber Scenarios" data-provider="scenarios" finished-at="2021-01-16T20:27:30Z" duration-ms="5384" status="PASS">
          <params>
            <param index="0">
              <value>
                <![CDATA["User is not logged in username is unique"]]>
              </value>
            </param>
            <param index="1">
              <value>
                <![CDATA["Registration"]]>
              </value>
            </param>
          </params>
          <reporter-output>
          </reporter-output>
        </test-method> <!-- runScenario -->
        <test-method signature="runScenario(cucumber.api.testng.PickleEventWrapper, cucumber.api.testng.CucumberFeatureWrapper)[pri:0, instance:runners.RunCuke@5bf0fe62]" started-at="2021-01-16T20:27:30Z" name="runScenario" description="Runs Cucumber Scenarios" data-provider="scenarios" finished-at="2021-01-16T20:27:38Z" duration-ms="7597" status="PASS">
          <params>
            <param index="0">
              <value>
                <![CDATA["User is not logged in and username is not unique"]]>
              </value>
            </param>
            <param index="1">
              <value>
                <![CDATA["Registration"]]>
              </value>
            </param>
          </params>
          <reporter-output>
          </reporter-output>
        </test-method> <!-- runScenario -->
        <test-method signature="runScenario(cucumber.api.testng.PickleEventWrapper, cucumber.api.testng.CucumberFeatureWrapper)[pri:0, instance:runners.RunCuke@5bf0fe62]" started-at="2021-01-16T20:27:38Z" name="runScenario" description="Runs Cucumber Scenarios" data-provider="scenarios" finished-at="2021-01-16T20:27:47Z" duration-ms="8961" status="PASS">
          <params>
            <param index="0">
              <value>
                <![CDATA["User is not logged in and username is not reentered correctly"]]>
              </value>
            </param>
            <param index="1">
              <value>
                <![CDATA["Registration"]]>
              </value>
            </param>
          </params>
          <reporter-output>
          </reporter-output>
        </test-method> <!-- runScenario -->
        <test-method signature="runScenario(cucumber.api.testng.PickleEventWrapper, cucumber.api.testng.CucumberFeatureWrapper)[pri:0, instance:runners.RunCuke@5bf0fe62]" started-at="2021-01-16T20:27:47Z" name="runScenario" description="Runs Cucumber Scenarios" data-provider="scenarios" finished-at="2021-01-16T20:27:58Z" duration-ms="11449" status="PASS">
          <params>
            <param index="0">
              <value>
                <![CDATA["I enter a post on my wall with just text:"]]>
              </value>
            </param>
            <param index="1">
              <value>
                <![CDATA["Wall"]]>
              </value>
            </param>
          </params>
          <reporter-output>
          </reporter-output>
        </test-method> <!-- runScenario -->
        <test-method signature="runScenario(cucumber.api.testng.PickleEventWrapper, cucumber.api.testng.CucumberFeatureWrapper)[pri:0, instance:runners.RunCuke@5bf0fe62]" started-at="2021-01-16T20:27:58Z" name="runScenario" description="Runs Cucumber Scenarios" data-provider="scenarios" finished-at="2021-01-16T20:28:11Z" duration-ms="13266" status="PASS">
          <params>
            <param index="0">
              <value>
                <![CDATA["I like the first post on my wall"]]>
              </value>
            </param>
            <param index="1">
              <value>
                <![CDATA["Wall"]]>
              </value>
            </param>
          </params>
          <reporter-output>
          </reporter-output>
        </test-method> <!-- runScenario -->
        <test-method signature="runScenario(cucumber.api.testng.PickleEventWrapper, cucumber.api.testng.CucumberFeatureWrapper)[pri:0, instance:runners.RunCuke@5bf0fe62]" started-at="2021-01-16T20:28:11Z" name="runScenario" description="Runs Cucumber Scenarios" data-provider="scenarios" finished-at="2021-01-16T20:28:25Z" duration-ms="14088" status="PASS">
          <params>
            <param index="0">
              <value>
                <![CDATA["I comment on the first post on my wall"]]>
              </value>
            </param>
            <param index="1">
              <value>
                <![CDATA["Wall"]]>
              </value>
            </param>
          </params>
          <reporter-output>
          </reporter-output>
        </test-method> <!-- runScenario -->
        <test-method is-config="true" signature="tearDownClass()[pri:0, instance:runners.RunCuke@5bf0fe62]" started-at="2021-01-16T20:28:25Z" name="tearDownClass" finished-at="2021-01-16T20:28:27Z" duration-ms="1351" status="PASS">
          <reporter-output>
          </reporter-output>
        </test-method> <!-- tearDownClass -->
      </class> <!-- runners.RunCuke -->
    </test> <!-- Test -->
  </suite> <!-- AceBookE2E -->
</testng-results>
