<?xml version="1.0" encoding="UTF-8"?>
<testng-results ignored="0" total="3" passed="3" failed="0" skipped="0">
  <reporter-output>
  </reporter-output>
  <suite started-at="2020-11-03T01:11:41Z" name="Cucumber_framework" finished-at="2020-11-03T01:11:55Z" duration-ms="14177">
    <groups>
      <group name="cucumber">
        <method signature="AbstractTestNGCucumberTests.runScenario(cucumber.api.testng.PickleEventWrapper, cucumber.api.testng.CucumberFeatureWrapper)[pri:0, instance:runners.RunCuke@5bf0fe62]" name="runScenario" class="cucumber.api.testng.AbstractTestNGCucumberTests"/>
      </group> <!-- cucumber -->
    </groups>
    <test started-at="2020-11-03T01:11:41Z" name="Test" finished-at="2020-11-03T01:11:55Z" duration-ms="14177">
      <class name="runners.RunCuke">
        <test-method is-config="true" signature="setUpClass()[pri:0, instance:runners.RunCuke@5bf0fe62]" started-at="2020-11-03T01:11:41Z" name="setUpClass" finished-at="2020-11-03T01:11:41Z" duration-ms="302" status="PASS">
          <reporter-output>
          </reporter-output>
        </test-method> <!-- setUpClass -->
        <test-method is-config="true" signature="setup()[pri:0, instance:runners.RunCuke@5bf0fe62]" started-at="2020-11-03T01:11:41Z" name="setup" finished-at="2020-11-03T01:11:41Z" duration-ms="177" status="PASS">
          <reporter-output>
          </reporter-output>
        </test-method> <!-- setup -->
        <test-method signature="runScenario(cucumber.api.testng.PickleEventWrapper, cucumber.api.testng.CucumberFeatureWrapper)[pri:0, instance:runners.RunCuke@5bf0fe62]" started-at="2020-11-03T01:11:41Z" name="runScenario" description="Runs Cucumber Scenarios" data-provider="scenarios" finished-at="2020-11-03T01:11:46Z" duration-ms="5002" status="PASS">
          <params>
            <param index="0">
              <value>
                <![CDATA["User is not registered"]]>
              </value>
            </param>
            <param index="1">
              <value>
                <![CDATA["Logging in"]]>
              </value>
            </param>
          </params>
          <reporter-output>
          </reporter-output>
        </test-method> <!-- runScenario -->
        <test-method signature="runScenario(cucumber.api.testng.PickleEventWrapper, cucumber.api.testng.CucumberFeatureWrapper)[pri:0, instance:runners.RunCuke@5bf0fe62]" started-at="2020-11-03T01:11:46Z" name="runScenario" description="Runs Cucumber Scenarios" data-provider="scenarios" finished-at="2020-11-03T01:11:50Z" duration-ms="4106" status="PASS">
          <params>
            <param index="0">
              <value>
                <![CDATA["User enters wrong password"]]>
              </value>
            </param>
            <param index="1">
              <value>
                <![CDATA["Logging in"]]>
              </value>
            </param>
          </params>
          <reporter-output>
          </reporter-output>
        </test-method> <!-- runScenario -->
        <test-method signature="runScenario(cucumber.api.testng.PickleEventWrapper, cucumber.api.testng.CucumberFeatureWrapper)[pri:0, instance:runners.RunCuke@5bf0fe62]" started-at="2020-11-03T01:11:50Z" name="runScenario" description="Runs Cucumber Scenarios" data-provider="scenarios" finished-at="2020-11-03T01:11:55Z" duration-ms="4162" status="PASS">
          <params>
            <param index="0">
              <value>
                <![CDATA["User is registered and enters correct password"]]>
              </value>
            </param>
            <param index="1">
              <value>
                <![CDATA["Logging in"]]>
              </value>
            </param>
          </params>
          <reporter-output>
          </reporter-output>
        </test-method> <!-- runScenario -->
        <test-method is-config="true" signature="tearDownClass()[pri:0, instance:runners.RunCuke@5bf0fe62]" started-at="2020-11-03T01:11:55Z" name="tearDownClass" finished-at="2020-11-03T01:11:55Z" duration-ms="375" status="PASS">
          <reporter-output>
          </reporter-output>
        </test-method> <!-- tearDownClass -->
      </class> <!-- runners.RunCuke -->
    </test> <!-- Test -->
  </suite> <!-- Cucumber_framework -->
</testng-results>
