<?xml version="1.0" encoding="UTF-8"?>
<testng-results ignored="0" total="5" passed="4" failed="1" skipped="0">
  <reporter-output>
  </reporter-output>
  <suite started-at="2020-11-08T19:01:10Z" name="Cucumber_framework" finished-at="2020-11-08T19:01:50Z" duration-ms="39906">
    <groups>
      <group name="cucumber">
        <method signature="AbstractTestNGCucumberTests.runScenario(cucumber.api.testng.PickleEventWrapper, cucumber.api.testng.CucumberFeatureWrapper)[pri:0, instance:runners.RunCuke@5bf0fe62]" name="runScenario" class="cucumber.api.testng.AbstractTestNGCucumberTests"/>
      </group> <!-- cucumber -->
    </groups>
    <test started-at="2020-11-08T19:01:10Z" name="Test" finished-at="2020-11-08T19:01:50Z" duration-ms="39906">
      <class name="runners.RunCuke">
        <test-method is-config="true" signature="setUpClass()[pri:0, instance:runners.RunCuke@5bf0fe62]" started-at="2020-11-08T19:01:10Z" name="setUpClass" finished-at="2020-11-08T19:01:11Z" duration-ms="367" status="PASS">
          <reporter-output>
          </reporter-output>
        </test-method> <!-- setUpClass -->
        <test-method is-config="true" signature="setup()[pri:0, instance:runners.RunCuke@5bf0fe62]" started-at="2020-11-08T19:01:11Z" name="setup" finished-at="2020-11-08T19:01:11Z" duration-ms="23" status="PASS">
          <reporter-output>
          </reporter-output>
        </test-method> <!-- setup -->
        <test-method signature="runScenario(cucumber.api.testng.PickleEventWrapper, cucumber.api.testng.CucumberFeatureWrapper)[pri:0, instance:runners.RunCuke@5bf0fe62]" started-at="2020-11-08T19:01:11Z" name="runScenario" description="Runs Cucumber Scenarios" data-provider="scenarios" finished-at="2020-11-08T19:01:18Z" duration-ms="7322" status="PASS">
          <params>
            <param index="0">
              <value>
                <![CDATA["I want to change my relationship status"]]>
              </value>
            </param>
            <param index="1">
              <value>
                <![CDATA["Profile"]]>
              </value>
            </param>
          </params>
          <reporter-output>
          </reporter-output>
        </test-method> <!-- runScenario -->
        <test-method signature="runScenario(cucumber.api.testng.PickleEventWrapper, cucumber.api.testng.CucumberFeatureWrapper)[pri:0, instance:runners.RunCuke@5bf0fe62]" started-at="2020-11-08T19:01:18Z" name="runScenario" description="Runs Cucumber Scenarios" data-provider="scenarios" finished-at="2020-11-08T19:01:25Z" duration-ms="6437" status="PASS">
          <params>
            <param index="0">
              <value>
                <![CDATA["I want to change my school"]]>
              </value>
            </param>
            <param index="1">
              <value>
                <![CDATA["Profile"]]>
              </value>
            </param>
          </params>
          <reporter-output>
          </reporter-output>
        </test-method> <!-- runScenario -->
        <test-method signature="runScenario(cucumber.api.testng.PickleEventWrapper, cucumber.api.testng.CucumberFeatureWrapper)[pri:0, instance:runners.RunCuke@5bf0fe62]" started-at="2020-11-08T19:01:25Z" name="runScenario" description="Runs Cucumber Scenarios" data-provider="scenarios" finished-at="2020-11-08T19:01:31Z" duration-ms="6626" status="PASS">
          <params>
            <param index="0">
              <value>
                <![CDATA["I want to change my work"]]>
              </value>
            </param>
            <param index="1">
              <value>
                <![CDATA["Profile"]]>
              </value>
            </param>
          </params>
          <reporter-output>
          </reporter-output>
        </test-method> <!-- runScenario -->
        <test-method signature="runScenario(cucumber.api.testng.PickleEventWrapper, cucumber.api.testng.CucumberFeatureWrapper)[pri:0, instance:runners.RunCuke@5bf0fe62]" started-at="2020-11-08T19:01:31Z" name="runScenario" description="Runs Cucumber Scenarios" data-provider="scenarios" finished-at="2020-11-08T19:01:37Z" duration-ms="6337" status="PASS">
          <params>
            <param index="0">
              <value>
                <![CDATA["I want to change my city"]]>
              </value>
            </param>
            <param index="1">
              <value>
                <![CDATA["Profile"]]>
              </value>
            </param>
          </params>
          <reporter-output>
          </reporter-output>
        </test-method> <!-- runScenario -->
        <test-method signature="runScenario(cucumber.api.testng.PickleEventWrapper, cucumber.api.testng.CucumberFeatureWrapper)[pri:0, instance:runners.RunCuke@5bf0fe62]" started-at="2020-11-08T19:01:37Z" name="runScenario" description="Runs Cucumber Scenarios" data-provider="scenarios" finished-at="2020-11-08T19:01:50Z" duration-ms="12166" status="FAIL">
          <params>
            <param index="0">
              <value>
                <![CDATA["I enter a post on my profile with just text:"]]>
              </value>
            </param>
            <param index="1">
              <value>
                <![CDATA["Profile"]]>
              </value>
            </param>
          </params>
          <exception class="java.lang.AssertionError">
            <full-stacktrace>
              <![CDATA[java.lang.AssertionError
at org.junit.Assert.fail(Assert.java:86)
at org.junit.Assert.assertTrue(Assert.java:41)
at org.junit.Assert.assertTrue(Assert.java:52)
at pages.actions.ProfileWallActions.newPostShowsOnWallAndProfile(ProfileWallActions.java:188)
at steps.SharedSteps.the_post_is_displayed_as_the_first_profile_on_my_wall(SharedSteps.java:121)
at ✽.the post I wrote is displayed as the first post on my profile and my wall(file:src/test/resources/FeatureFiles/Profile.feature:68)
]]>
            </full-stacktrace>
          </exception> <!-- java.lang.AssertionError -->
          <reporter-output>
          </reporter-output>
        </test-method> <!-- runScenario -->
        <test-method is-config="true" signature="tearDownClass()[pri:0, instance:runners.RunCuke@5bf0fe62]" started-at="2020-11-08T19:01:50Z" name="tearDownClass" finished-at="2020-11-08T19:01:50Z" duration-ms="584" status="PASS">
          <reporter-output>
          </reporter-output>
        </test-method> <!-- tearDownClass -->
      </class> <!-- runners.RunCuke -->
    </test> <!-- Test -->
  </suite> <!-- Cucumber_framework -->
</testng-results>
