<?xml version="1.0" encoding="UTF-8"?>
<testng-results ignored="0" total="3" passed="3" failed="0" skipped="0">
  <reporter-output>
  </reporter-output>
  <suite started-at="2020-11-08T20:53:46Z" name="Cucumber_framework" finished-at="2020-11-08T20:54:08Z" duration-ms="21831">
    <groups>
      <group name="cucumber">
        <method signature="AbstractTestNGCucumberTests.runScenario(cucumber.api.testng.PickleEventWrapper, cucumber.api.testng.CucumberFeatureWrapper)[pri:0, instance:runners.RunCuke@5bf0fe62]" name="runScenario" class="cucumber.api.testng.AbstractTestNGCucumberTests"/>
      </group> <!-- cucumber -->
    </groups>
    <test started-at="2020-11-08T20:53:46Z" name="Test" finished-at="2020-11-08T20:54:08Z" duration-ms="21831">
      <class name="runners.RunCuke">
        <test-method is-config="true" signature="setUpClass()[pri:0, instance:runners.RunCuke@5bf0fe62]" started-at="2020-11-08T20:53:46Z" name="setUpClass" finished-at="2020-11-08T20:53:47Z" duration-ms="409" status="PASS">
          <reporter-output>
          </reporter-output>
        </test-method> <!-- setUpClass -->
        <test-method is-config="true" signature="setup()[pri:0, instance:runners.RunCuke@5bf0fe62]" started-at="2020-11-08T20:53:47Z" name="setup" finished-at="2020-11-08T20:53:47Z" duration-ms="226" status="PASS">
          <reporter-output>
          </reporter-output>
        </test-method> <!-- setup -->
        <test-method signature="runScenario(cucumber.api.testng.PickleEventWrapper, cucumber.api.testng.CucumberFeatureWrapper)[pri:0, instance:runners.RunCuke@5bf0fe62]" started-at="2020-11-08T20:53:47Z" name="runScenario" description="Runs Cucumber Scenarios" data-provider="scenarios" finished-at="2020-11-08T20:53:53Z" duration-ms="6066" status="PASS">
          <params>
            <param index="0">
              <value>
                <![CDATA["User is not logged in username is unique"]]>
              </value>
            </param>
            <param index="1">
              <value>
                <![CDATA["Registration"]]>
              </value>
            </param>
          </params>
          <reporter-output>
          </reporter-output>
        </test-method> <!-- runScenario -->
        <test-method signature="runScenario(cucumber.api.testng.PickleEventWrapper, cucumber.api.testng.CucumberFeatureWrapper)[pri:0, instance:runners.RunCuke@5bf0fe62]" started-at="2020-11-08T20:53:53Z" name="runScenario" description="Runs Cucumber Scenarios" data-provider="scenarios" finished-at="2020-11-08T20:54:01Z" duration-ms="7584" status="PASS">
          <params>
            <param index="0">
              <value>
                <![CDATA["User is not logged in and username is not unique"]]>
              </value>
            </param>
            <param index="1">
              <value>
                <![CDATA["Registration"]]>
              </value>
            </param>
          </params>
          <reporter-output>
          </reporter-output>
        </test-method> <!-- runScenario -->
        <test-method signature="runScenario(cucumber.api.testng.PickleEventWrapper, cucumber.api.testng.CucumberFeatureWrapper)[pri:0, instance:runners.RunCuke@5bf0fe62]" started-at="2020-11-08T20:54:01Z" name="runScenario" description="Runs Cucumber Scenarios" data-provider="scenarios" finished-at="2020-11-08T20:54:08Z" duration-ms="7020" status="PASS">
          <params>
            <param index="0">
              <value>
                <![CDATA["User is not logged in and username is not reentered correctly"]]>
              </value>
            </param>
            <param index="1">
              <value>
                <![CDATA["Registration"]]>
              </value>
            </param>
          </params>
          <reporter-output>
          </reporter-output>
        </test-method> <!-- runScenario -->
        <test-method is-config="true" signature="tearDownClass()[pri:0, instance:runners.RunCuke@5bf0fe62]" started-at="2020-11-08T20:54:08Z" name="tearDownClass" finished-at="2020-11-08T20:54:08Z" duration-ms="483" status="PASS">
          <reporter-output>
          </reporter-output>
        </test-method> <!-- tearDownClass -->
      </class> <!-- runners.RunCuke -->
    </test> <!-- Test -->
  </suite> <!-- Cucumber_framework -->
</testng-results>
