<?xml version="1.0" encoding="UTF-8"?>
<testng-results ignored="0" total="7" passed="7" failed="0" skipped="0">
  <reporter-output>
  </reporter-output>
  <suite started-at="2020-11-12T19:55:32Z" name="Cucumber_framework" finished-at="2020-11-12T19:56:37Z" duration-ms="65218">
    <groups>
      <group name="cucumber">
        <method signature="AbstractTestNGCucumberTests.runScenario(cucumber.api.testng.PickleEventWrapper, cucumber.api.testng.CucumberFeatureWrapper)[pri:0, instance:runners.RunCuke@5bf0fe62]" name="runScenario" class="cucumber.api.testng.AbstractTestNGCucumberTests"/>
      </group> <!-- cucumber -->
    </groups>
    <test started-at="2020-11-12T19:55:32Z" name="Test" finished-at="2020-11-12T19:56:37Z" duration-ms="65218">
      <class name="runners.RunCuke">
        <test-method is-config="true" signature="setUpClass()[pri:0, instance:runners.RunCuke@5bf0fe62]" started-at="2020-11-12T19:55:32Z" name="setUpClass" finished-at="2020-11-12T19:55:33Z" duration-ms="327" status="PASS">
          <reporter-output>
          </reporter-output>
        </test-method> <!-- setUpClass -->
        <test-method is-config="true" signature="setup()[pri:0, instance:runners.RunCuke@5bf0fe62]" started-at="2020-11-12T19:55:33Z" name="setup" finished-at="2020-11-12T19:55:33Z" duration-ms="23" status="PASS">
          <reporter-output>
          </reporter-output>
        </test-method> <!-- setup -->
        <test-method signature="runScenario(cucumber.api.testng.PickleEventWrapper, cucumber.api.testng.CucumberFeatureWrapper)[pri:0, instance:runners.RunCuke@5bf0fe62]" started-at="2020-11-12T19:55:33Z" name="runScenario" description="Runs Cucumber Scenarios" data-provider="scenarios" finished-at="2020-11-12T19:55:40Z" duration-ms="7855" status="PASS">
          <params>
            <param index="0">
              <value>
                <![CDATA["I want to change my relationship status"]]>
              </value>
            </param>
            <param index="1">
              <value>
                <![CDATA["Profile"]]>
              </value>
            </param>
          </params>
          <reporter-output>
          </reporter-output>
        </test-method> <!-- runScenario -->
        <test-method signature="runScenario(cucumber.api.testng.PickleEventWrapper, cucumber.api.testng.CucumberFeatureWrapper)[pri:0, instance:runners.RunCuke@5bf0fe62]" started-at="2020-11-12T19:55:40Z" name="runScenario" description="Runs Cucumber Scenarios" data-provider="scenarios" finished-at="2020-11-12T19:55:47Z" duration-ms="6330" status="PASS">
          <params>
            <param index="0">
              <value>
                <![CDATA["I want to change my school"]]>
              </value>
            </param>
            <param index="1">
              <value>
                <![CDATA["Profile"]]>
              </value>
            </param>
          </params>
          <reporter-output>
          </reporter-output>
        </test-method> <!-- runScenario -->
        <test-method signature="runScenario(cucumber.api.testng.PickleEventWrapper, cucumber.api.testng.CucumberFeatureWrapper)[pri:0, instance:runners.RunCuke@5bf0fe62]" started-at="2020-11-12T19:55:47Z" name="runScenario" description="Runs Cucumber Scenarios" data-provider="scenarios" finished-at="2020-11-12T19:55:53Z" duration-ms="6667" status="PASS">
          <params>
            <param index="0">
              <value>
                <![CDATA["I want to change my work"]]>
              </value>
            </param>
            <param index="1">
              <value>
                <![CDATA["Profile"]]>
              </value>
            </param>
          </params>
          <reporter-output>
          </reporter-output>
        </test-method> <!-- runScenario -->
        <test-method signature="runScenario(cucumber.api.testng.PickleEventWrapper, cucumber.api.testng.CucumberFeatureWrapper)[pri:0, instance:runners.RunCuke@5bf0fe62]" started-at="2020-11-12T19:55:53Z" name="runScenario" description="Runs Cucumber Scenarios" data-provider="scenarios" finished-at="2020-11-12T19:56:01Z" duration-ms="7543" status="PASS">
          <params>
            <param index="0">
              <value>
                <![CDATA["I want to change my city"]]>
              </value>
            </param>
            <param index="1">
              <value>
                <![CDATA["Profile"]]>
              </value>
            </param>
          </params>
          <reporter-output>
          </reporter-output>
        </test-method> <!-- runScenario -->
        <test-method signature="runScenario(cucumber.api.testng.PickleEventWrapper, cucumber.api.testng.CucumberFeatureWrapper)[pri:0, instance:runners.RunCuke@5bf0fe62]" started-at="2020-11-12T19:56:01Z" name="runScenario" description="Runs Cucumber Scenarios" data-provider="scenarios" finished-at="2020-11-12T19:56:13Z" duration-ms="11876" status="PASS">
          <params>
            <param index="0">
              <value>
                <![CDATA["I enter a post on my profile with just text:"]]>
              </value>
            </param>
            <param index="1">
              <value>
                <![CDATA["Profile"]]>
              </value>
            </param>
          </params>
          <reporter-output>
          </reporter-output>
        </test-method> <!-- runScenario -->
        <test-method signature="runScenario(cucumber.api.testng.PickleEventWrapper, cucumber.api.testng.CucumberFeatureWrapper)[pri:0, instance:runners.RunCuke@5bf0fe62]" started-at="2020-11-12T19:56:13Z" name="runScenario" description="Runs Cucumber Scenarios" data-provider="scenarios" finished-at="2020-11-12T19:56:24Z" duration-ms="11582" status="PASS">
          <params>
            <param index="0">
              <value>
                <![CDATA["I comment on the first post on my profile"]]>
              </value>
            </param>
            <param index="1">
              <value>
                <![CDATA["Profile"]]>
              </value>
            </param>
          </params>
          <reporter-output>
          </reporter-output>
        </test-method> <!-- runScenario -->
        <test-method signature="runScenario(cucumber.api.testng.PickleEventWrapper, cucumber.api.testng.CucumberFeatureWrapper)[pri:0, instance:runners.RunCuke@5bf0fe62]" started-at="2020-11-12T19:56:24Z" name="runScenario" description="Runs Cucumber Scenarios" data-provider="scenarios" finished-at="2020-11-12T19:56:37Z" duration-ms="12479" status="PASS">
          <params>
            <param index="0">
              <value>
                <![CDATA["I like the first post on my profile"]]>
              </value>
            </param>
            <param index="1">
              <value>
                <![CDATA["Profile"]]>
              </value>
            </param>
          </params>
          <reporter-output>
          </reporter-output>
        </test-method> <!-- runScenario -->
        <test-method is-config="true" signature="tearDownClass()[pri:0, instance:runners.RunCuke@5bf0fe62]" started-at="2020-11-12T19:56:37Z" name="tearDownClass" finished-at="2020-11-12T19:56:37Z" duration-ms="483" status="PASS">
          <reporter-output>
          </reporter-output>
        </test-method> <!-- tearDownClass -->
      </class> <!-- runners.RunCuke -->
    </test> <!-- Test -->
  </suite> <!-- Cucumber_framework -->
</testng-results>
